<?xml version="1.0" encoding="UTF-8" ?>
<testsuite tests="40" failures="0" name="runner.RunnerTest" time="0.052" errors="0" skipped="0">
  <properties>
[...]
</properties>
  <testcase classname="Cenário: Incluir conta com sucesso" name="Dado que vou incluir uma conta nova" time="0.001"/>
  <testcase classname="Cenário: Incluir conta com sucesso" name="Quando eu fizer um post na API de contas" time="0"/>
  <testcase classname="Cenário: Incluir conta com sucesso" name="Então valido que o retorno foi 201 e a conta foi inserida com sucesso" time="0"/>
  <testcase classname="Cenário: Incluir conta com sucesso" name="Cenário: Incluir conta com sucesso" time="0.037"/>
  <testcase classname="Cenário: Alterar conta com sucesso" name="Dado que vou alterar uma conta existente" time="0"/>
  <testcase classname="Cenário: Alterar conta com sucesso" name="Quando eu fizer um put na API de contas" time="0"/>
  <testcase classname="Cenário: Alterar conta com sucesso" name="Então valido que o retorno foi 200 e a conta foi alterada com sucesso" time="0"/>
  <testcase classname="Cenário: Alterar conta com sucesso" name="Cenário: Alterar conta com sucesso" time="0.002"/>
  <testcase classname="Cenário: Incluir conta duplicada" name="Dado que vou incluir uma conta já existente" time="0"/>
  <testcase classname="Cenário: Incluir conta duplicada" name="Quando eu fizer um post na API de contas" time="0"/>
  <testcase classname="Cenário: Incluir conta duplicada" name="Então valido que o retorno foi 400 e a conta não foi inserida por duplicidade" time="0"/>
  <testcase classname="Cenário: Incluir conta duplicada" name="Cenário: Incluir conta duplicada" time="0.002"/>
  <testcase classname="Cenário: Inserir movimentação com sucesso" name="Dado que vou inserir uma nova movimentação" time="0"/>
  <testcase classname="Cenário: Inserir movimentação com sucesso" name="Quando eu fizer um post na API de movimentações" time="0"/>
  <testcase classname="Cenário: Inserir movimentação com sucesso" name="Então valido que o retorno foi 201 e a movimentação foi inserida com sucesso" time="0.001"/>
  <testcase classname="Cenário: Inserir movimentação com sucesso" name="Cenário: Inserir movimentação com sucesso" time="0.003"/>
  <testcase classname="Cenário: Validar campos obrigatórios" name="Dado que vou inserir uma nova movimentação com todos os campos em branco" time="0"/>
  <testcase classname="Cenário: Validar campos obrigatórios" name="Quando eu fizer um post na API de movimentações" time="0"/>
  <testcase classname="Cenário: Validar campos obrigatórios" name="Então valido que o retorno foi 400" time="0"/>
  <testcase classname="Cenário: Validar campos obrigatórios" name="E retornou mensagens de obrigatoriedade" time="0"/>
  <testcase classname="Cenário: Validar campos obrigatórios" name="Cenário: Validar campos obrigatórios" time="0.002"/>
  <testcase classname="Cenário: Inserir movimentação com data futura" name="Dado que vou inserir uma nova movimentação com data futura" time="0"/>
  <testcase classname="Cenário: Inserir movimentação com data futura" name="Quando eu fizer um post na API de movimentações" time="0"/>
  <testcase classname="Cenário: Inserir movimentação com data futura" name="Então valido que o retorno foi 400" time="0"/>
  <testcase classname="Cenário: Inserir movimentação com data futura" name="E valido a mensagem de erro referente a data futura" time="0"/>
  <testcase classname="Cenário: Inserir movimentação com data futura" name="Cenário: Inserir movimentação com data futura" time="0.001"/>
  <testcase classname="Cenário: Remover conta com movimentação" name="Dado que vou remover uma conta que tenha movimentação" time="0"/>
  <testcase classname="Cenário: Remover conta com movimentação" name="Quando eu fizer um delete na API de contas" time="0"/>
  <testcase classname="Cenário: Remover conta com movimentação" name="Então valido que o retorno foi 500" time="0"/>
  <testcase classname="Cenário: Remover conta com movimentação" name="E valido que a conta não pode ser removida" time="0"/>
  <testcase classname="Cenário: Remover conta com movimentação" name="Cenário: Remover conta com movimentação" time="0.001"/>
  <testcase classname="Cenário: Remover movimentação com sucesso" name="Dado que vou remover uma movimentação" time="0"/>
  <testcase classname="Cenário: Remover movimentação com sucesso" name="Quando eu fizer um delete na API de transações" time="0"/>
  <testcase classname="Cenário: Remover movimentação com sucesso" name="Então valido que o retorno foi 204" time="0"/>
  <testcase classname="Cenário: Remover movimentação com sucesso" name="Cenário: Remover movimentação com sucesso" time="0.001"/>
  <testcase classname="Cenário: Calcular saldo das contas" name="Dado que vou calcular o saldo das contas" time="0"/>
  <testcase classname="Cenário: Calcular saldo das contas" name="Quando eu fizer um get na API de saldos" time="0"/>
  <testcase classname="Cenário: Calcular saldo das contas" name="Então valido que o cód de retorno foi 200" time="0"/>
  <testcase classname="Cenário: Calcular saldo das contas" name="E valido o saldo atual da conta" time="0"/>
  <testcase classname="Cenário: Calcular saldo das contas" name="Cenário: Calcular saldo das contas" time="0.001"/>
</testsuite>